Using pre-set license
Built from '2020.3/staging' branch; Version is '2020.3.25f1 (9b9180224418) revision 10195328'; Using compiler version '192528614'; Build Type 'Release'
OS: 'Windows 10  (10.0.18363) 64bit Professional' Language: 'zh' Physical Memory: 16319 MB
BatchMode: 1, IsHumanControllingUs: 0, StartBugReporterOnCrash: 0, Is64bit: 1, IsPro: 0

COMMAND LINE ARGUMENTS:
C:\Program Files\Unity\Hub\Editor\2020.3.25f1\Editor\Unity.exe
-adb2
-batchMode
-noUpm
-name
AssetImportWorker0
-projectPath
E:/KID/Unity_HC_TS_2DRunnuing_20211218/2DRunning_20211218
-logFile
Logs/AssetImportWorker0.log
-srvPort
58875
Successfully changed project path to: E:/KID/Unity_HC_TS_2DRunnuing_20211218/2DRunning_20211218
E:/KID/Unity_HC_TS_2DRunnuing_20211218/2DRunning_20211218
Using Asset Import Pipeline V2.
Refreshing native plugins compatible for Editor in 62.62 ms, found 3 plugins.
Preloading 0 native plugins for Editor in 0.00 ms.
Initialize engine version: 2020.3.25f1 (9b9180224418)
[Subsystems] Discovering subsystems at path C:/Program Files/Unity/Hub/Editor/2020.3.25f1/Editor/Data/Resources/UnitySubsystems
[Subsystems] Discovering subsystems at path E:/KID/Unity_HC_TS_2DRunnuing_20211218/2DRunning_20211218/Assets
GfxDevice: creating device client; threaded=0
Direct3D:
    Version:  Direct3D 11.0 [level 11.1]
    Renderer: NVIDIA Quadro P620 (ID=0x1cb6)
    Vendor:   
    VRAM:     1977 MB
    Driver:   30.0.14.7247
Initialize mono
Mono path[0] = 'C:/Program Files/Unity/Hub/Editor/2020.3.25f1/Editor/Data/Managed'
Mono path[1] = 'C:/Program Files/Unity/Hub/Editor/2020.3.25f1/Editor/Data/MonoBleedingEdge/lib/mono/unityjit'
Mono config path = 'C:/Program Files/Unity/Hub/Editor/2020.3.25f1/Editor/Data/MonoBleedingEdge/etc'
Using monoOptions --debugger-agent=transport=dt_socket,embedding=1,server=y,suspend=n,address=127.0.0.1:56672
Begin MonoManager ReloadAssembly
Registering precompiled unity dll's ...
Register platform support module: C:/Program Files/Unity/Hub/Editor/2020.3.25f1/Editor/Data/PlaybackEngines/WebGLSupport/UnityEditor.WebGL.Extensions.dll
Register platform support module: C:/Program Files/Unity/Hub/Editor/2020.3.25f1/Editor/Data/PlaybackEngines/WindowsStandaloneSupport/UnityEditor.WindowsStandalone.Extensions.dll
Registered in 0.002312 seconds.
Native extension for WindowsStandalone target not found
Native extension for WebGL target not found
Refreshing native plugins compatible for Editor in 46.87 ms, found 3 plugins.
Preloading 0 native plugins for Editor in 0.00 ms.
Mono: successfully reloaded assembly
- Completed reload, in  0.609 seconds
Domain Reload Profiling:
	ReloadAssembly (609ms)
		BeginReloadAssembly (53ms)
			ExecutionOrderSort (0ms)
			DisableScriptedObjects (0ms)
			BackupInstance (0ms)
			ReleaseScriptingObjects (0ms)
			CreateAndSetChildDomain (1ms)
		EndReloadAssembly (483ms)
			LoadAssemblies (51ms)
			RebuildTransferFunctionScriptingTraits (0ms)
			SetupTypeCache (165ms)
			ReleaseScriptCaches (0ms)
			RebuildScriptCaches (31ms)
			SetupLoadedEditorAssemblies (182ms)
				LogAssemblyErrors (0ms)
				InitializePlatformSupportModulesInManaged (5ms)
				SetLoadedEditorAssemblies (0ms)
				RefreshPlugins (47ms)
				BeforeProcessingInitializeOnLoad (18ms)
				ProcessInitializeOnLoadAttributes (79ms)
				ProcessInitializeOnLoadMethodAttributes (32ms)
				AfterProcessingInitializeOnLoad (0ms)
				EditorAssembliesLoaded (0ms)
			ExecutionOrderSort2 (0ms)
			AwakeInstancesAfterBackupRestoration (0ms)
Platform modules already initialized, skipping
Registering precompiled user dll's ...
Registered in 0.003496 seconds.
Begin MonoManager ReloadAssembly
Native extension for WindowsStandalone target not found
Native extension for WebGL target not found
Refreshing native plugins compatible for Editor in 49.45 ms, found 3 plugins.
Preloading 0 native plugins for Editor in 0.00 ms.
Mono: successfully reloaded assembly
- Completed reload, in  1.272 seconds
Domain Reload Profiling:
	ReloadAssembly (1273ms)
		BeginReloadAssembly (148ms)
			ExecutionOrderSort (0ms)
			DisableScriptedObjects (4ms)
			BackupInstance (0ms)
			ReleaseScriptingObjects (0ms)
			CreateAndSetChildDomain (21ms)
		EndReloadAssembly (1065ms)
			LoadAssemblies (100ms)
			RebuildTransferFunctionScriptingTraits (0ms)
			SetupTypeCache (366ms)
			ReleaseScriptCaches (1ms)
			RebuildScriptCaches (58ms)
			SetupLoadedEditorAssemblies (405ms)
				LogAssemblyErrors (0ms)
				InitializePlatformSupportModulesInManaged (4ms)
				SetLoadedEditorAssemblies (0ms)
				RefreshPlugins (50ms)
				BeforeProcessingInitializeOnLoad (90ms)
				ProcessInitializeOnLoadAttributes (237ms)
				ProcessInitializeOnLoadMethodAttributes (19ms)
				AfterProcessingInitializeOnLoad (5ms)
				EditorAssembliesLoaded (0ms)
			ExecutionOrderSort2 (0ms)
			AwakeInstancesAfterBackupRestoration (7ms)
Platform modules already initialized, skipping
========================================================================
Worker process is ready to serve import requests
Launched and connected shader compiler UnityShaderCompiler.exe after 0.05 seconds
Refreshing native plugins compatible for Editor in 0.79 ms, found 3 plugins.
Preloading 0 native plugins for Editor in 0.00 ms.
Unloading 2194 Unused Serialized files (Serialized files now loaded: 0)
System memory in use before: 95.9 MB.
System memory in use after: 96.0 MB.

Unloading 28 unused Assets to reduce memory usage. Loaded Objects now: 2629.
Total: 3.219400 ms (FindLiveObjects: 0.186900 ms CreateObjectMapping: 0.075800 ms MarkObjects: 2.824600 ms  DeleteObjects: 0.131300 ms)

AssetImportParameters requested are different than current active one (requested -> active):
  custom:framework-win-MediaFoundation: 216162199b28c13a410421893ffa2e32 -> 
  custom:video-decoder-ogg-theora: a1e56fd34408186e4bbccfd4996cb3dc -> 
  custom:container-muxer-webm: aa71ff27fc2769a1b78a27578f13a17b -> 
  custom:container-demuxer-webm: 4f35f7cbe854078d1ac9338744f61a02 -> 
  custom:container-demuxer-ogg: 62fdf1f143b41e24485cea50d1cbac27 -> 
  custom:video-encoder-webm-vp8: eb34c28f22e8b96e1ab97ce403110664 -> 
  custom:video-decoder-webm-vp8: 9c59270c3fd7afecdb556c50c9e8de78 -> 
  custom:audio-decoder-ogg-vorbis: bf7c407c2cedff20999df2af8eb42d56 -> 
  custom:audio-encoder-webm-vorbis: bf7c407c2cedff20999df2af8eb42d56 -> 
========================================================================
Received Import Request.
  path: Assets/關卡 1.unity
  artifactKey: Guid(73162610ba00dc2488883cd95c8c81c7) Importer(815301076,1909f56bfc062723c751e8b465ee728b)
Start importing Assets/關卡 1.unity using Guid(73162610ba00dc2488883cd95c8c81c7) Importer(815301076,1909f56bfc062723c751e8b465ee728b)  -> (artifact id: '5f837fe6c156d7bcc1c17ffda23e2c0d') in 0.015199 seconds 
  Import took 0.018433 seconds .

========================================================================
Received Import Request.
  Time since last request: 18.553623 seconds.
  path: Assets/場景素材/Tiles/2.png
  artifactKey: Guid(dd1524e6d9c984b42bbd2ee925a57b2d) Importer(815301076,1909f56bfc062723c751e8b465ee728b)
Start importing Assets/場景素材/Tiles/2.png using Guid(dd1524e6d9c984b42bbd2ee925a57b2d) Importer(815301076,1909f56bfc062723c751e8b465ee728b)  -> (artifact id: '1940e35f682d34f26f99fa07c953de76') in 0.130944 seconds 
  Import took 0.135996 seconds .

========================================================================
Received Import Request.
  Time since last request: 0.000398 seconds.
  path: Assets/場景素材/Tiles/12.png
  artifactKey: Guid(36e746f80d7e0b9499932625484d0705) Importer(815301076,1909f56bfc062723c751e8b465ee728b)
Start importing Assets/場景素材/Tiles/12.png using Guid(36e746f80d7e0b9499932625484d0705) Importer(815301076,1909f56bfc062723c751e8b465ee728b)  -> (artifact id: '52a10a2a73920ac137d9d58b3bc9e50f') in 0.014672 seconds 
  Import took 0.019648 seconds .

========================================================================
Received Import Request.
  Time since last request: 0.000315 seconds.
  path: Assets/場景素材/Tiles/5.png
  artifactKey: Guid(12293d31d2f47664c8c66329f88ba7c5) Importer(815301076,1909f56bfc062723c751e8b465ee728b)
Start importing Assets/場景素材/Tiles/5.png using Guid(12293d31d2f47664c8c66329f88ba7c5) Importer(815301076,1909f56bfc062723c751e8b465ee728b)  -> (artifact id: 'f185b4b923b7abf8abc51bfdf4e2525e') in 0.013064 seconds 
  Import took 0.017753 seconds .

========================================================================
Received Import Request.
  Time since last request: 0.000420 seconds.
  path: Assets/場景素材/Tiles/15.png
  artifactKey: Guid(46ec1e8390200e142a00706221722123) Importer(815301076,1909f56bfc062723c751e8b465ee728b)
Start importing Assets/場景素材/Tiles/15.png using Guid(46ec1e8390200e142a00706221722123) Importer(815301076,1909f56bfc062723c751e8b465ee728b)  -> (artifact id: 'e1c9a5ad86436e3705d0e2f2778decbc') in 0.012282 seconds 
  Import took 0.018090 seconds .

========================================================================
Received Import Request.
  Time since last request: 0.000384 seconds.
  path: Assets/場景素材/Tiles/14.png
  artifactKey: Guid(46dd4e5ac1f2a2245b56a9a22ce18ac9) Importer(815301076,1909f56bfc062723c751e8b465ee728b)
Start importing Assets/場景素材/Tiles/14.png using Guid(46dd4e5ac1f2a2245b56a9a22ce18ac9) Importer(815301076,1909f56bfc062723c751e8b465ee728b)  -> (artifact id: '42b60ce80fab92ba54183c77ac570f1d') in 0.011968 seconds 
  Import took 0.016118 seconds .

========================================================================
Received Import Request.
  Time since last request: 0.000375 seconds.
  path: Assets/場景素材/Tiles/18.png
  artifactKey: Guid(5891f008f959e9745ad4a5a53574c1e3) Importer(815301076,1909f56bfc062723c751e8b465ee728b)
Start importing Assets/場景素材/Tiles/18.png using Guid(5891f008f959e9745ad4a5a53574c1e3) Importer(815301076,1909f56bfc062723c751e8b465ee728b)  -> (artifact id: '5db6c85d1e87862049aaf403f66d5e85') in 0.010036 seconds 
  Import took 0.015579 seconds .

========================================================================
Received Import Request.
  Time since last request: 0.000238 seconds.
  path: Assets/場景素材/Tiles/13.png
  artifactKey: Guid(c6161c18c2d564b479d8b7f95386497d) Importer(815301076,1909f56bfc062723c751e8b465ee728b)
Start importing Assets/場景素材/Tiles/13.png using Guid(c6161c18c2d564b479d8b7f95386497d) Importer(815301076,1909f56bfc062723c751e8b465ee728b)  -> (artifact id: 'c305ca32f072e8b8cb68185dfa960866') in 0.013190 seconds 
  Import took 0.018338 seconds .

========================================================================
Received Import Request.
  Time since last request: 0.000353 seconds.
  path: Assets/場景素材/Tiles/9.png
  artifactKey: Guid(0684e3b10d3a4814197b6aae45229d48) Importer(815301076,1909f56bfc062723c751e8b465ee728b)
Start importing Assets/場景素材/Tiles/9.png using Guid(0684e3b10d3a4814197b6aae45229d48) Importer(815301076,1909f56bfc062723c751e8b465ee728b)  -> (artifact id: '977f846b388e51f13f437406a14c0202') in 0.010579 seconds 
  Import took 0.015681 seconds .

========================================================================
Received Import Request.
  Time since last request: 0.000257 seconds.
  path: Assets/場景素材/Tiles/3.png
  artifactKey: Guid(8b6b84e3132beaa4883af0b588b2c2d2) Importer(815301076,1909f56bfc062723c751e8b465ee728b)
Start importing Assets/場景素材/Tiles/3.png using Guid(8b6b84e3132beaa4883af0b588b2c2d2) Importer(815301076,1909f56bfc062723c751e8b465ee728b)  -> (artifact id: '0960b017079efb5bf4077bd5eedede7d') in 0.013190 seconds 
  Import took 0.018094 seconds .

========================================================================
Received Import Request.
  Time since last request: 0.000231 seconds.
  path: Assets/場景素材/Tiles/8.png
  artifactKey: Guid(9a1d776d3003aff42a34bd2d3d388224) Importer(815301076,1909f56bfc062723c751e8b465ee728b)
Start importing Assets/場景素材/Tiles/8.png using Guid(9a1d776d3003aff42a34bd2d3d388224) Importer(815301076,1909f56bfc062723c751e8b465ee728b)  -> (artifact id: '89b7dc3bf321b496b3b26c9235e8d689') in 0.010312 seconds 
  Import took 0.014878 seconds .

========================================================================
Received Import Request.
  Time since last request: 0.000333 seconds.
  path: Assets/場景素材/Tiles/6.png
  artifactKey: Guid(703974e90ec1c0a45b1403babe227432) Importer(815301076,1909f56bfc062723c751e8b465ee728b)
Start importing Assets/場景素材/Tiles/6.png using Guid(703974e90ec1c0a45b1403babe227432) Importer(815301076,1909f56bfc062723c751e8b465ee728b)  -> (artifact id: '690a3ca6b0cc9f889cfbac791ae7017c') in 0.012050 seconds 
  Import took 0.016450 seconds .

========================================================================
Received Import Request.
  Time since last request: 0.000275 seconds.
  path: Assets/場景素材/Tiles/17.png
  artifactKey: Guid(c6ce7480524978f419c6c8bd8b3a9fcf) Importer(815301076,1909f56bfc062723c751e8b465ee728b)
Start importing Assets/場景素材/Tiles/17.png using Guid(c6ce7480524978f419c6c8bd8b3a9fcf) Importer(815301076,1909f56bfc062723c751e8b465ee728b)  -> (artifact id: 'f2d1d3495a0f87e1dd9b26d9d6e8aaf4') in 0.011562 seconds 
  Import took 0.016124 seconds .

========================================================================
Received Import Request.
  Time since last request: 0.000221 seconds.
  path: Assets/場景素材/Tiles/11.png
  artifactKey: Guid(2d8582219dc3ada4ca50a17a8808f45f) Importer(815301076,1909f56bfc062723c751e8b465ee728b)
Start importing Assets/場景素材/Tiles/11.png using Guid(2d8582219dc3ada4ca50a17a8808f45f) Importer(815301076,1909f56bfc062723c751e8b465ee728b)  -> (artifact id: '7e3417b9f8cce05a2941518f0e583fa1') in 0.012821 seconds 
  Import took 0.016730 seconds .

========================================================================
Received Import Request.
  Time since last request: 0.000302 seconds.
  path: Assets/場景素材/Tiles/16.png
  artifactKey: Guid(c970dd845b9c9e646924af9d0e5c9625) Importer(815301076,1909f56bfc062723c751e8b465ee728b)
Start importing Assets/場景素材/Tiles/16.png using Guid(c970dd845b9c9e646924af9d0e5c9625) Importer(815301076,1909f56bfc062723c751e8b465ee728b)  -> (artifact id: 'e943170792674dba6b610d339381dae7') in 0.009984 seconds 
  Import took 0.015340 seconds .

========================================================================
Received Import Request.
  Time since last request: 0.000278 seconds.
  path: Assets/場景素材/Tiles/7.png
  artifactKey: Guid(77ea4ca24c242ec4a9c67954a5509f2c) Importer(815301076,1909f56bfc062723c751e8b465ee728b)
Start importing Assets/場景素材/Tiles/7.png using Guid(77ea4ca24c242ec4a9c67954a5509f2c) Importer(815301076,1909f56bfc062723c751e8b465ee728b)  -> (artifact id: '54f7bdab00608239e9856d7fa3cf5659') in 0.013239 seconds 
  Import took 0.019039 seconds .

========================================================================
Received Import Request.
  Time since last request: 0.000317 seconds.
  path: Assets/場景素材/Tiles/10.png
  artifactKey: Guid(5016ee22950701145981b3b26c6c3ce5) Importer(815301076,1909f56bfc062723c751e8b465ee728b)
Start importing Assets/場景素材/Tiles/10.png using Guid(5016ee22950701145981b3b26c6c3ce5) Importer(815301076,1909f56bfc062723c751e8b465ee728b)  -> (artifact id: '7a12034c0a36cc46a769cd1f0da95064') in 0.011131 seconds 
  Import took 0.015684 seconds .

========================================================================
Received Import Request.
  Time since last request: 47.507653 seconds.
  path: Assets/場景素材/Tiles/17.png
  artifactKey: Guid(c6ce7480524978f419c6c8bd8b3a9fcf) Importer(815301076,1909f56bfc062723c751e8b465ee728b)
Start importing Assets/場景素材/Tiles/17.png using Guid(c6ce7480524978f419c6c8bd8b3a9fcf) Importer(815301076,1909f56bfc062723c751e8b465ee728b)  -> (artifact id: '47da28bcff46e8c45146b6f1a574dd6c') in 0.019914 seconds 
  Import took 0.025139 seconds .

========================================================================
Received Import Request.
  Time since last request: 9.274773 seconds.
  path: Assets/場景素材/Tiles/17.png
  artifactKey: Guid(c6ce7480524978f419c6c8bd8b3a9fcf) Importer(815301076,1909f56bfc062723c751e8b465ee728b)
Start importing Assets/場景素材/Tiles/17.png using Guid(c6ce7480524978f419c6c8bd8b3a9fcf) Importer(815301076,1909f56bfc062723c751e8b465ee728b)  -> (artifact id: '705cb4d870dd01a94fad90f75939dce8') in 0.019734 seconds 
  Import took 0.026009 seconds .

========================================================================
Received Import Request.
  Time since last request: 4127.248447 seconds.
  path: Assets/New Project.png
  artifactKey: Guid(5ae7655543d6c57469e79cca8c19db5d) Importer(815301076,1909f56bfc062723c751e8b465ee728b)
Start importing Assets/New Project.png using Guid(5ae7655543d6c57469e79cca8c19db5d) Importer(815301076,1909f56bfc062723c751e8b465ee728b)  -> (artifact id: '3c281377f0cbb723921a6726c8f5b26d') in 0.026964 seconds 
  Import took 0.033051 seconds .

========================================================================
Received Import Request.
  Time since last request: 11.988421 seconds.
  path: Assets/雪花 1 號.png
  artifactKey: Guid(5ae7655543d6c57469e79cca8c19db5d) Importer(815301076,1909f56bfc062723c751e8b465ee728b)
Start importing Assets/雪花 1 號.png using Guid(5ae7655543d6c57469e79cca8c19db5d) Importer(815301076,1909f56bfc062723c751e8b465ee728b)  -> (artifact id: '6dc048cf1dee64b1a10b02596e60a224') in 0.013154 seconds 
  Import took 0.018404 seconds .

========================================================================
Received Import Request.
  Time since last request: 58.011323 seconds.
  path: Assets/雪花 1 號.mat
  artifactKey: Guid(b8607e46f2b746946865d96a234a38cd) Importer(815301076,1909f56bfc062723c751e8b465ee728b)
Start importing Assets/雪花 1 號.mat using Guid(b8607e46f2b746946865d96a234a38cd) Importer(815301076,1909f56bfc062723c751e8b465ee728b)  -> (artifact id: '9884d11081188512d9243b02da556b9d') in 0.076125 seconds 
  Import took 0.080783 seconds .

========================================================================
Received Import Request.
  Time since last request: 104.342296 seconds.
  path: Assets/New Project (1).png
  artifactKey: Guid(adcecf037e37a294fb424081fc20f7f1) Importer(815301076,1909f56bfc062723c751e8b465ee728b)
Start importing Assets/New Project (1).png using Guid(adcecf037e37a294fb424081fc20f7f1) Importer(815301076,1909f56bfc062723c751e8b465ee728b)  -> (artifact id: 'ef705c57171c02cec3c78f6c30f93735') in 0.023600 seconds 
  Import took 0.033006 seconds .

========================================================================
Received Import Request.
  Time since last request: 4.214305 seconds.
  path: Assets/雪花 2 號.png
  artifactKey: Guid(adcecf037e37a294fb424081fc20f7f1) Importer(815301076,1909f56bfc062723c751e8b465ee728b)
Start importing Assets/雪花 2 號.png using Guid(adcecf037e37a294fb424081fc20f7f1) Importer(815301076,1909f56bfc062723c751e8b465ee728b)  -> (artifact id: '9b6b65f2b59eb864ab169257484fe507') in 0.013979 seconds 
  Import took 0.018962 seconds .

========================================================================
Received Import Request.
  Time since last request: 14.382809 seconds.
  path: Assets/雪花 2 號.mat
  artifactKey: Guid(bb0f2d96888a135468cbf9f16b116b3b) Importer(815301076,1909f56bfc062723c751e8b465ee728b)
Start importing Assets/雪花 2 號.mat using Guid(bb0f2d96888a135468cbf9f16b116b3b) Importer(815301076,1909f56bfc062723c751e8b465ee728b)  -> (artifact id: 'e2005c67319165ddfca003f0deb4bbb3') in 0.008209 seconds 
  Import took 0.012799 seconds .

========================================================================
Received Import Request.
  Time since last request: 82.072813 seconds.
  path: Assets/雪花 1 號.mat
  artifactKey: Guid(b8607e46f2b746946865d96a234a38cd) Importer(815301076,1909f56bfc062723c751e8b465ee728b)
Start importing Assets/雪花 1 號.mat using Guid(b8607e46f2b746946865d96a234a38cd) Importer(815301076,1909f56bfc062723c751e8b465ee728b)  -> (artifact id: '4503a53cb8850a767b9a19455f07adcf') in 0.017993 seconds 
  Import took 0.022496 seconds .

========================================================================
Received Import Request.
  Time since last request: 0.000302 seconds.
  path: Assets/雪花 2 號.mat
  artifactKey: Guid(bb0f2d96888a135468cbf9f16b116b3b) Importer(815301076,1909f56bfc062723c751e8b465ee728b)
Start importing Assets/雪花 2 號.mat using Guid(bb0f2d96888a135468cbf9f16b116b3b) Importer(815301076,1909f56bfc062723c751e8b465ee728b)  -> (artifact id: 'bbc36ca224062c2fcdbb0b72bbd36c23') in 0.008755 seconds 
  Import took 0.013979 seconds .

========================================================================
Received Import Request.
  Time since last request: 1227.663387 seconds.
  path: Assets/雪花 1 號.mat
  artifactKey: Guid(b8607e46f2b746946865d96a234a38cd) Importer(815301076,1909f56bfc062723c751e8b465ee728b)
Start importing Assets/雪花 1 號.mat using Guid(b8607e46f2b746946865d96a234a38cd) Importer(815301076,1909f56bfc062723c751e8b465ee728b)  -> (artifact id: '99ae14f98a6ecf4d8857b07820341ea7') in 0.024183 seconds 
  Import took 0.030666 seconds .

========================================================================
Received Import Request.
  Time since last request: 2602.621847 seconds.
  path: Assets/雪花 2 號.mat
  artifactKey: Guid(bb0f2d96888a135468cbf9f16b116b3b) Importer(815301076,1909f56bfc062723c751e8b465ee728b)
Start importing Assets/雪花 2 號.mat using Guid(bb0f2d96888a135468cbf9f16b116b3b) Importer(815301076,1909f56bfc062723c751e8b465ee728b)  -> (artifact id: '079c5ad0bb1ad57a1a7e29bdc5ac5e1b') in 0.011920 seconds 
  Import took 0.018378 seconds .

AssetImportWorkerClient::OnTransportError - code=2 error=End of file
